17-Sep-2021 15:19:26.596 정보 [main] org.apache.catalina.startup.VersionLoggerListener.log 서버 버전 이름:    Apache Tomcat/8.5.71
17-Sep-2021 15:19:26.609 정보 [main] org.apache.catalina.startup.VersionLoggerListener.log Server 빌드 시각:  Sep 9 2021 18:43:14 UTC
17-Sep-2021 15:19:26.609 정보 [main] org.apache.catalina.startup.VersionLoggerListener.log Server 버전 번호:  8.5.71.0
17-Sep-2021 15:19:26.609 정보 [main] org.apache.catalina.startup.VersionLoggerListener.log 운영체제 이름:     Windows 10
17-Sep-2021 15:19:26.610 정보 [main] org.apache.catalina.startup.VersionLoggerListener.log 운영체제 버전:     10.0
17-Sep-2021 15:19:26.610 정보 [main] org.apache.catalina.startup.VersionLoggerListener.log 아키텍처:          amd64
17-Sep-2021 15:19:26.611 정보 [main] org.apache.catalina.startup.VersionLoggerListener.log 자바 홈:           C:\Program Files\Java\jdk1.8.0_281\jre
17-Sep-2021 15:19:26.611 정보 [main] org.apache.catalina.startup.VersionLoggerListener.log JVM 버전:          1.8.0_281-b09
17-Sep-2021 15:19:26.611 정보 [main] org.apache.catalina.startup.VersionLoggerListener.log JVM 벤더:          Oracle Corporation
17-Sep-2021 15:19:26.612 정보 [main] org.apache.catalina.startup.VersionLoggerListener.log CATALINA_BASE:     C:\JSP\apache-tomcat-8.5.71
17-Sep-2021 15:19:26.612 정보 [main] org.apache.catalina.startup.VersionLoggerListener.log CATALINA_HOME:     C:\JSP\apache-tomcat-8.5.71
17-Sep-2021 15:19:26.614 정보 [main] org.apache.catalina.startup.VersionLoggerListener.log 명령 행 아규먼트:  -Djava.util.logging.config.file=C:\JSP\apache-tomcat-8.5.71\conf\logging.properties
17-Sep-2021 15:19:26.616 정보 [main] org.apache.catalina.startup.VersionLoggerListener.log 명령 행 아규먼트:  -Djava.util.logging.manager=org.apache.juli.ClassLoaderLogManager
17-Sep-2021 15:19:26.617 정보 [main] org.apache.catalina.startup.VersionLoggerListener.log 명령 행 아규먼트:  -Djdk.tls.ephemeralDHKeySize=2048
17-Sep-2021 15:19:26.618 정보 [main] org.apache.catalina.startup.VersionLoggerListener.log 명령 행 아규먼트:  -Djava.protocol.handler.pkgs=org.apache.catalina.webresources
17-Sep-2021 15:19:26.622 정보 [main] org.apache.catalina.startup.VersionLoggerListener.log 명령 행 아규먼트:  -Dignore.endorsed.dirs=
17-Sep-2021 15:19:26.632 정보 [main] org.apache.catalina.startup.VersionLoggerListener.log 명령 행 아규먼트:  -Dcatalina.base=C:\JSP\apache-tomcat-8.5.71
17-Sep-2021 15:19:26.635 정보 [main] org.apache.catalina.startup.VersionLoggerListener.log 명령 행 아규먼트:  -Dcatalina.home=C:\JSP\apache-tomcat-8.5.71
17-Sep-2021 15:19:26.637 정보 [main] org.apache.catalina.startup.VersionLoggerListener.log 명령 행 아규먼트:  -Djava.io.tmpdir=C:\JSP\apache-tomcat-8.5.71\temp
17-Sep-2021 15:19:26.639 정보 [main] org.apache.catalina.core.AprLifecycleListener.lifecycleEvent APR 버전 [1.7.0]을(를) 사용한, APR 기반 Apache Tomcat Native 라이브러리 [1.2.31]을(를) 로드했습니다.
17-Sep-2021 15:19:26.641 정보 [main] org.apache.catalina.core.AprLifecycleListener.lifecycleEvent APR 용량정보들: IPv6 [true], sendfile [true], accept filters [false], random [true].
17-Sep-2021 15:19:26.643 정보 [main] org.apache.catalina.core.AprLifecycleListener.lifecycleEvent APR/OpenSSL 설정: useAprConnector [false], useOpenSSL [true]
17-Sep-2021 15:19:26.659 정보 [main] org.apache.catalina.core.AprLifecycleListener.initializeSSL OpenSSL이 성공적으로 초기화되었습니다: [OpenSSL 1.1.1l  24 Aug 2021]
17-Sep-2021 15:19:26.946 정보 [main] org.apache.coyote.AbstractProtocol.init 프로토콜 핸들러 ["http-nio-8080"]을(를) 초기화합니다.
17-Sep-2021 15:19:27.445 정보 [main] org.apache.tomcat.util.net.NioSelectorPool.getSharedSelector Using a shared selector for servlet write/read
17-Sep-2021 15:19:27.472 정보 [main] org.apache.catalina.startup.Catalina.load Initialization processed in 1674 ms
17-Sep-2021 15:19:27.535 정보 [main] org.apache.catalina.core.StandardService.startInternal 서비스 [Catalina]을(를) 시작합니다.
17-Sep-2021 15:19:27.537 정보 [main] org.apache.catalina.core.StandardEngine.startInternal 서버 엔진을 시작합니다: [Apache Tomcat/8.5.71]
17-Sep-2021 15:19:27.555 정보 [localhost-startStop-1] org.apache.catalina.startup.HostConfig.deployDirectory 웹 애플리케이션 디렉토리 [C:\JSP\apache-tomcat-8.5.71\webapps\docs]을(를) 배치합니다.
17-Sep-2021 15:19:28.044 정보 [localhost-startStop-1] org.apache.catalina.startup.HostConfig.deployDirectory 웹 애플리케이션 디렉토리 [C:\JSP\apache-tomcat-8.5.71\webapps\docs]에 대한 배치가 [488] 밀리초에 완료되었습니다.
17-Sep-2021 15:19:28.053 정보 [localhost-startStop-1] org.apache.catalina.startup.HostConfig.deployDirectory 웹 애플리케이션 디렉토리 [C:\JSP\apache-tomcat-8.5.71\webapps\examples]을(를) 배치합니다.
17-Sep-2021 15:19:28.718 정보 [localhost-startStop-1] org.apache.catalina.startup.HostConfig.deployDirectory 웹 애플리케이션 디렉토리 [C:\JSP\apache-tomcat-8.5.71\webapps\examples]에 대한 배치가 [664] 밀리초에 완료되었습니다.
17-Sep-2021 15:19:28.724 정보 [localhost-startStop-1] org.apache.catalina.startup.HostConfig.deployDirectory 웹 애플리케이션 디렉토리 [C:\JSP\apache-tomcat-8.5.71\webapps\host-manager]을(를) 배치합니다.
17-Sep-2021 15:19:28.778 정보 [localhost-startStop-1] org.apache.catalina.startup.HostConfig.deployDirectory 웹 애플리케이션 디렉토리 [C:\JSP\apache-tomcat-8.5.71\webapps\host-manager]에 대한 배치가 [54] 밀리초에 완료되었습니다.
17-Sep-2021 15:19:28.784 정보 [localhost-startStop-1] org.apache.catalina.startup.HostConfig.deployDirectory 웹 애플리케이션 디렉토리 [C:\JSP\apache-tomcat-8.5.71\webapps\manager]을(를) 배치합니다.
17-Sep-2021 15:19:28.837 정보 [localhost-startStop-1] org.apache.catalina.startup.HostConfig.deployDirectory 웹 애플리케이션 디렉토리 [C:\JSP\apache-tomcat-8.5.71\webapps\manager]에 대한 배치가 [52] 밀리초에 완료되었습니다.
17-Sep-2021 15:19:28.843 정보 [localhost-startStop-1] org.apache.catalina.startup.HostConfig.deployDirectory 웹 애플리케이션 디렉토리 [C:\JSP\apache-tomcat-8.5.71\webapps\ROOT]을(를) 배치합니다.
17-Sep-2021 15:19:28.911 정보 [localhost-startStop-1] org.apache.catalina.startup.HostConfig.deployDirectory 웹 애플리케이션 디렉토리 [C:\JSP\apache-tomcat-8.5.71\webapps\ROOT]에 대한 배치가 [67] 밀리초에 완료되었습니다.
17-Sep-2021 15:19:28.920 정보 [main] org.apache.coyote.AbstractProtocol.start 프로토콜 핸들러 ["http-nio-8080"]을(를) 시작합니다.
17-Sep-2021 15:19:28.942 정보 [main] org.apache.catalina.startup.Catalina.start Server startup in 1467 ms
17-Sep-2021 15:22:22.594 정보 [main] org.apache.catalina.startup.VersionLoggerListener.log 서버 버전 이름:    Apache Tomcat/8.5.71
17-Sep-2021 15:22:22.605 정보 [main] org.apache.catalina.startup.VersionLoggerListener.log Server 빌드 시각:  Sep 9 2021 18:43:14 UTC
17-Sep-2021 15:22:22.605 정보 [main] org.apache.catalina.startup.VersionLoggerListener.log Server 버전 번호:  8.5.71.0
17-Sep-2021 15:22:22.606 정보 [main] org.apache.catalina.startup.VersionLoggerListener.log 운영체제 이름:     Windows 10
17-Sep-2021 15:22:22.607 정보 [main] org.apache.catalina.startup.VersionLoggerListener.log 운영체제 버전:     10.0
17-Sep-2021 15:22:22.607 정보 [main] org.apache.catalina.startup.VersionLoggerListener.log 아키텍처:          amd64
17-Sep-2021 15:22:22.608 정보 [main] org.apache.catalina.startup.VersionLoggerListener.log 자바 홈:           C:\Program Files\Java\jdk1.8.0_281\jre
17-Sep-2021 15:22:22.608 정보 [main] org.apache.catalina.startup.VersionLoggerListener.log JVM 버전:          1.8.0_281-b09
17-Sep-2021 15:22:22.609 정보 [main] org.apache.catalina.startup.VersionLoggerListener.log JVM 벤더:          Oracle Corporation
17-Sep-2021 15:22:22.609 정보 [main] org.apache.catalina.startup.VersionLoggerListener.log CATALINA_BASE:     C:\JSP\apache-tomcat-8.5.71
17-Sep-2021 15:22:22.610 정보 [main] org.apache.catalina.startup.VersionLoggerListener.log CATALINA_HOME:     C:\JSP\apache-tomcat-8.5.71
17-Sep-2021 15:22:22.612 정보 [main] org.apache.catalina.startup.VersionLoggerListener.log 명령 행 아규먼트:  -Djava.util.logging.config.file=C:\JSP\apache-tomcat-8.5.71\conf\logging.properties
17-Sep-2021 15:22:22.613 정보 [main] org.apache.catalina.startup.VersionLoggerListener.log 명령 행 아규먼트:  -Djava.util.logging.manager=org.apache.juli.ClassLoaderLogManager
17-Sep-2021 15:22:22.628 정보 [main] org.apache.catalina.startup.VersionLoggerListener.log 명령 행 아규먼트:  -Djdk.tls.ephemeralDHKeySize=2048
17-Sep-2021 15:22:22.631 정보 [main] org.apache.catalina.startup.VersionLoggerListener.log 명령 행 아규먼트:  -Djava.protocol.handler.pkgs=org.apache.catalina.webresources
17-Sep-2021 15:22:22.635 정보 [main] org.apache.catalina.startup.VersionLoggerListener.log 명령 행 아규먼트:  -Dignore.endorsed.dirs=
17-Sep-2021 15:22:22.637 정보 [main] org.apache.catalina.startup.VersionLoggerListener.log 명령 행 아규먼트:  -Dcatalina.base=C:\JSP\apache-tomcat-8.5.71
17-Sep-2021 15:22:22.639 정보 [main] org.apache.catalina.startup.VersionLoggerListener.log 명령 행 아규먼트:  -Dcatalina.home=C:\JSP\apache-tomcat-8.5.71
17-Sep-2021 15:22:22.641 정보 [main] org.apache.catalina.startup.VersionLoggerListener.log 명령 행 아규먼트:  -Djava.io.tmpdir=C:\JSP\apache-tomcat-8.5.71\temp
17-Sep-2021 15:22:22.642 정보 [main] org.apache.catalina.core.AprLifecycleListener.lifecycleEvent APR 버전 [1.7.0]을(를) 사용한, APR 기반 Apache Tomcat Native 라이브러리 [1.2.31]을(를) 로드했습니다.
17-Sep-2021 15:22:22.649 정보 [main] org.apache.catalina.core.AprLifecycleListener.lifecycleEvent APR 용량정보들: IPv6 [true], sendfile [true], accept filters [false], random [true].
17-Sep-2021 15:22:22.651 정보 [main] org.apache.catalina.core.AprLifecycleListener.lifecycleEvent APR/OpenSSL 설정: useAprConnector [false], useOpenSSL [true]
17-Sep-2021 15:22:22.679 정보 [main] org.apache.catalina.core.AprLifecycleListener.initializeSSL OpenSSL이 성공적으로 초기화되었습니다: [OpenSSL 1.1.1l  24 Aug 2021]
17-Sep-2021 15:22:22.954 정보 [main] org.apache.coyote.AbstractProtocol.init 프로토콜 핸들러 ["http-nio-8080"]을(를) 초기화합니다.
17-Sep-2021 15:22:23.481 정보 [main] org.apache.tomcat.util.net.NioSelectorPool.getSharedSelector Using a shared selector for servlet write/read
17-Sep-2021 15:22:23.505 정보 [main] org.apache.catalina.startup.Catalina.load Initialization processed in 1749 ms
17-Sep-2021 15:22:23.564 정보 [main] org.apache.catalina.core.StandardService.startInternal 서비스 [Catalina]을(를) 시작합니다.
17-Sep-2021 15:22:23.567 정보 [main] org.apache.catalina.core.StandardEngine.startInternal 서버 엔진을 시작합니다: [Apache Tomcat/8.5.71]
17-Sep-2021 15:22:23.589 정보 [localhost-startStop-1] org.apache.catalina.startup.HostConfig.deployDirectory 웹 애플리케이션 디렉토리 [C:\JSP\apache-tomcat-8.5.71\webapps\docs]을(를) 배치합니다.
17-Sep-2021 15:22:24.047 정보 [localhost-startStop-1] org.apache.catalina.startup.HostConfig.deployDirectory 웹 애플리케이션 디렉토리 [C:\JSP\apache-tomcat-8.5.71\webapps\docs]에 대한 배치가 [456] 밀리초에 완료되었습니다.
17-Sep-2021 15:22:24.056 정보 [localhost-startStop-1] org.apache.catalina.startup.HostConfig.deployDirectory 웹 애플리케이션 디렉토리 [C:\JSP\apache-tomcat-8.5.71\webapps\examples]을(를) 배치합니다.
17-Sep-2021 15:22:24.784 정보 [localhost-startStop-1] org.apache.catalina.startup.HostConfig.deployDirectory 웹 애플리케이션 디렉토리 [C:\JSP\apache-tomcat-8.5.71\webapps\examples]에 대한 배치가 [729] 밀리초에 완료되었습니다.
17-Sep-2021 15:22:24.792 정보 [localhost-startStop-1] org.apache.catalina.startup.HostConfig.deployDirectory 웹 애플리케이션 디렉토리 [C:\JSP\apache-tomcat-8.5.71\webapps\host-manager]을(를) 배치합니다.
17-Sep-2021 15:22:24.848 정보 [localhost-startStop-1] org.apache.catalina.startup.HostConfig.deployDirectory 웹 애플리케이션 디렉토리 [C:\JSP\apache-tomcat-8.5.71\webapps\host-manager]에 대한 배치가 [57] 밀리초에 완료되었습니다.
17-Sep-2021 15:22:24.855 정보 [localhost-startStop-1] org.apache.catalina.startup.HostConfig.deployDirectory 웹 애플리케이션 디렉토리 [C:\JSP\apache-tomcat-8.5.71\webapps\manager]을(를) 배치합니다.
17-Sep-2021 15:22:24.935 정보 [localhost-startStop-1] org.apache.catalina.startup.HostConfig.deployDirectory 웹 애플리케이션 디렉토리 [C:\JSP\apache-tomcat-8.5.71\webapps\manager]에 대한 배치가 [79] 밀리초에 완료되었습니다.
17-Sep-2021 15:22:24.943 정보 [localhost-startStop-1] org.apache.catalina.startup.HostConfig.deployDirectory 웹 애플리케이션 디렉토리 [C:\JSP\apache-tomcat-8.5.71\webapps\ROOT]을(를) 배치합니다.
17-Sep-2021 15:22:25.011 정보 [localhost-startStop-1] org.apache.catalina.startup.HostConfig.deployDirectory 웹 애플리케이션 디렉토리 [C:\JSP\apache-tomcat-8.5.71\webapps\ROOT]에 대한 배치가 [69] 밀리초에 완료되었습니다.
17-Sep-2021 15:22:25.025 정보 [main] org.apache.coyote.AbstractProtocol.start 프로토콜 핸들러 ["http-nio-8080"]을(를) 시작합니다.
17-Sep-2021 15:22:25.050 정보 [main] org.apache.catalina.startup.Catalina.start Server startup in 1544 ms
